-------------------------------------------------------------------------------
Test set: TestSuite
-------------------------------------------------------------------------------
Tests run: 2, Failures: 1, Errors: 0, Skipped: 0, Time elapsed: 11.279 s <<< FAILURE! - in TestSuite
cucumberOptions.TestNGTestRunner.runScenario["Search experience for product search in both home and offers page", "Search and Place the order for Products"](1)  Time elapsed: 7.759 s  <<< FAILURE!
java.lang.AssertionError: expected [Beetroot] but found [No data]

